        -:    0:Source:C:/Users/dgarz/Documents/c++/AA/QuickSort/main.cpp
        -:    0:Graph:C:\Users\dgarz\Documents\c++\AA\QuickSort\cmake-build-debug-coverage\CMakeFiles\QuickSort.dir\main.cpp.gcno
        -:    0:Data:C:\Users\dgarz\Documents\c++\AA\QuickSort\cmake-build-debug-coverage\CMakeFiles\QuickSort.dir\main.cpp.gcda
        -:    0:Runs:1
        -:    1://
        -:    2:// Created by dgarzona on 18/10/2023.
        -:    3://
        -:    4:#include <iostream>
        -:    5:#include "QuickSortMethods.hpp"
        -:    6:
        -:    7:using namespace std;
        -:    8:
function main called 1 returned 100% blocks executed 100%
        1:    9:int main () {
        1:   10:    char array[] = {'a', 'f', 'b', 'c', 'e', 'd'};
        1:   11:    int size = 6;
        -:   12:
        1:   13:    QuickSortMethods<char>::sort(array, size);
        1:   13-block  0
call    0 returned 1
branch  1 taken 1 (fallthrough)
branch  2 taken 0 (throw)
        -:   14:
        7:   15:    for (int i = 0; i < size; i++) {
        1:   15-block  0
        6:   15-block  1
        7:   15-block  2
branch  0 taken 6
branch  1 taken 1 (fallthrough)
        6:   16:        cout << array[i] << " ";
        6:   16-block  0
call    0 returned 6
branch  1 taken 6 (fallthrough)
branch  2 taken 0 (throw)
        6:   16-block  1
call    3 returned 6
branch  4 taken 6 (fallthrough)
branch  5 taken 0 (throw)
        -:   17:    }
        1:   18:    return 0;
        1:   18-block  0
        -:   19:}
